1701180520.377560 client started (48174): version 3.2a, socket /tmp/tmux-1000/default, protocol 8
1701180520.377584 on Linux 6.2.0-37-generic #38~22.04.1-Ubuntu SMP PREEMPT_DYNAMIC Thu Nov  2 18:01:13 UTC 2
1701180520.377588 using libevent 2.1.12-stable (poll); ncurses 6.3
1701180520.377602 flags are 0x18010000
1701180520.377607 socket is /tmp/tmux-1000/default
1701180520.377617 trying connect
1701180520.377669 add peer 0x563c9d486060: 6 ((nil))
1701180520.377914 sending message 100 to peer 0x563c9d486060 (4 bytes)
1701180520.377920 sending message 111 to peer 0x563c9d486060 (8 bytes)
1701180520.377924 sending message 101 to peer 0x563c9d486060 (12 bytes)
1701180520.377927 sending message 109 to peer 0x563c9d486060 (4 bytes)
1701180520.377930 sending message 102 to peer 0x563c9d486060 (11 bytes)
1701180520.377933 sending message 108 to peer 0x563c9d486060 (27 bytes)
1701180520.377936 sending message 112 to peer 0x563c9d486060 (70 bytes)
1701180520.377940 sending message 112 to peer 0x563c9d486060 (5 bytes)
1701180520.377943 sending message 112 to peer 0x563c9d486060 (6 bytes)
1701180520.377946 sending message 112 to peer 0x563c9d486060 (6 bytes)
1701180520.377949 sending message 112 to peer 0x563c9d486060 (10 bytes)
1701180520.377952 sending message 112 to peer 0x563c9d486060 (13 bytes)
1701180520.377955 sending message 112 to peer 0x563c9d486060 (14 bytes)
1701180520.377958 sending message 112 to peer 0x563c9d486060 (19 bytes)
1701180520.377961 sending message 112 to peer 0x563c9d486060 (11 bytes)
1701180520.377964 sending message 112 to peer 0x563c9d486060 (21 bytes)
1701180520.377967 sending message 112 to peer 0x563c9d486060 (13 bytes)
1701180520.377970 sending message 112 to peer 0x563c9d486060 (7 bytes)
1701180520.377973 sending message 112 to peer 0x563c9d486060 (13 bytes)
1701180520.377976 sending message 112 to peer 0x563c9d486060 (7 bytes)
1701180520.377979 sending message 112 to peer 0x563c9d486060 (13 bytes)
1701180520.377982 sending message 112 to peer 0x563c9d486060 (9 bytes)
1701180520.377985 sending message 112 to peer 0x563c9d486060 (21 bytes)
1701180520.377988 sending message 112 to peer 0x563c9d486060 (13 bytes)
1701180520.377991 sending message 112 to peer 0x563c9d486060 (9 bytes)
1701180520.377994 sending message 112 to peer 0x563c9d486060 (16 bytes)
1701180520.377997 sending message 112 to peer 0x563c9d486060 (13 bytes)
1701180520.378000 sending message 112 to peer 0x563c9d486060 (9 bytes)
1701180520.378003 sending message 112 to peer 0x563c9d486060 (9 bytes)
1701180520.378006 sending message 112 to peer 0x563c9d486060 (12 bytes)
1701180520.378009 sending message 112 to peer 0x563c9d486060 (8 bytes)
1701180520.378012 sending message 112 to peer 0x563c9d486060 (13 bytes)
1701180520.378015 sending message 112 to peer 0x563c9d486060 (7 bytes)
1701180520.378018 sending message 112 to peer 0x563c9d486060 (7 bytes)
1701180520.378021 sending message 112 to peer 0x563c9d486060 (9 bytes)
1701180520.378024 sending message 112 to peer 0x563c9d486060 (6 bytes)
1701180520.378027 sending message 112 to peer 0x563c9d486060 (9 bytes)
1701180520.378030 sending message 112 to peer 0x563c9d486060 (15 bytes)
1701180520.378033 sending message 112 to peer 0x563c9d486060 (13 bytes)
1701180520.378036 sending message 112 to peer 0x563c9d486060 (12 bytes)
1701180520.378039 sending message 112 to peer 0x563c9d486060 (8 bytes)
1701180520.378042 sending message 112 to peer 0x563c9d486060 (14 bytes)
1701180520.378045 sending message 112 to peer 0x563c9d486060 (9 bytes)
1701180520.378048 sending message 112 to peer 0x563c9d486060 (10 bytes)
1701180520.378051 sending message 112 to peer 0x563c9d486060 (10 bytes)
1701180520.378054 sending message 112 to peer 0x563c9d486060 (10 bytes)
1701180520.378058 sending message 112 to peer 0x563c9d486060 (10 bytes)
1701180520.378060 sending message 112 to peer 0x563c9d486060 (11 bytes)
1701180520.378063 sending message 112 to peer 0x563c9d486060 (12 bytes)
1701180520.378067 sending message 112 to peer 0x563c9d486060 (12 bytes)
1701180520.378070 sending message 112 to peer 0x563c9d486060 (12 bytes)
1701180520.378078 sending message 112 to peer 0x563c9d486060 (12 bytes)
1701180520.378082 sending message 112 to peer 0x563c9d486060 (12 bytes)
1701180520.378085 sending message 112 to peer 0x563c9d486060 (11 bytes)
1701180520.378088 sending message 112 to peer 0x563c9d486060 (11 bytes)
1701180520.378091 sending message 112 to peer 0x563c9d486060 (12 bytes)
1701180520.378094 sending message 112 to peer 0x563c9d486060 (12 bytes)
1701180520.378097 sending message 112 to peer 0x563c9d486060 (12 bytes)
1701180520.378100 sending message 112 to peer 0x563c9d486060 (12 bytes)
1701180520.378103 sending message 112 to peer 0x563c9d486060 (12 bytes)
1701180520.378106 sending message 112 to peer 0x563c9d486060 (9 bytes)
1701180520.378109 sending message 112 to peer 0x563c9d486060 (12 bytes)
1701180520.378112 sending message 112 to peer 0x563c9d486060 (13 bytes)
1701180520.378115 sending message 112 to peer 0x563c9d486060 (13 bytes)
1701180520.378118 sending message 112 to peer 0x563c9d486060 (13 bytes)
1701180520.378121 sending message 112 to peer 0x563c9d486060 (13 bytes)
1701180520.378124 sending message 112 to peer 0x563c9d486060 (13 bytes)
1701180520.378127 sending message 112 to peer 0x563c9d486060 (8 bytes)
1701180520.378130 sending message 112 to peer 0x563c9d486060 (11 bytes)
1701180520.378133 sending message 112 to peer 0x563c9d486060 (11 bytes)
1701180520.378136 sending message 112 to peer 0x563c9d486060 (11 bytes)
1701180520.378139 sending message 112 to peer 0x563c9d486060 (12 bytes)
1701180520.378142 sending message 112 to peer 0x563c9d486060 (12 bytes)
1701180520.378145 sending message 112 to peer 0x563c9d486060 (12 bytes)
1701180520.378147 sending message 112 to peer 0x563c9d486060 (12 bytes)
1701180520.378150 sending message 112 to peer 0x563c9d486060 (13 bytes)
1701180520.378153 sending message 112 to peer 0x563c9d486060 (13 bytes)
1701180520.378156 sending message 112 to peer 0x563c9d486060 (13 bytes)
1701180520.378159 sending message 112 to peer 0x563c9d486060 (8 bytes)
1701180520.378162 sending message 112 to peer 0x563c9d486060 (13 bytes)
1701180520.378165 sending message 112 to peer 0x563c9d486060 (13 bytes)
1701180520.378168 sending message 112 to peer 0x563c9d486060 (13 bytes)
1701180520.378171 sending message 112 to peer 0x563c9d486060 (13 bytes)
1701180520.378174 sending message 112 to peer 0x563c9d486060 (13 bytes)
1701180520.378177 sending message 112 to peer 0x563c9d486060 (12 bytes)
1701180520.378180 sending message 112 to peer 0x563c9d486060 (12 bytes)
1701180520.378184 sending message 112 to peer 0x563c9d486060 (12 bytes)
1701180520.378187 sending message 112 to peer 0x563c9d486060 (12 bytes)
1701180520.378190 sending message 112 to peer 0x563c9d486060 (13 bytes)
1701180520.378193 sending message 112 to peer 0x563c9d486060 (8 bytes)
1701180520.378196 sending message 112 to peer 0x563c9d486060 (13 bytes)
1701180520.378199 sending message 112 to peer 0x563c9d486060 (13 bytes)
1701180520.378202 sending message 112 to peer 0x563c9d486060 (13 bytes)
1701180520.378205 sending message 112 to peer 0x563c9d486060 (13 bytes)
1701180520.378208 sending message 112 to peer 0x563c9d486060 (13 bytes)
1701180520.378210 sending message 112 to peer 0x563c9d486060 (13 bytes)
1701180520.378214 sending message 112 to peer 0x563c9d486060 (13 bytes)
1701180520.378217 sending message 112 to peer 0x563c9d486060 (12 bytes)
1701180520.378220 sending message 112 to peer 0x563c9d486060 (12 bytes)
1701180520.378223 sending message 112 to peer 0x563c9d486060 (12 bytes)
1701180520.378226 sending message 112 to peer 0x563c9d486060 (8 bytes)
1701180520.378229 sending message 112 to peer 0x563c9d486060 (12 bytes)
1701180520.378232 sending message 112 to peer 0x563c9d486060 (13 bytes)
1701180520.378235 sending message 112 to peer 0x563c9d486060 (13 bytes)
1701180520.378238 sending message 112 to peer 0x563c9d486060 (13 bytes)
1701180520.378241 sending message 112 to peer 0x563c9d486060 (13 bytes)
1701180520.378244 sending message 112 to peer 0x563c9d486060 (13 bytes)
1701180520.378247 sending message 112 to peer 0x563c9d486060 (13 bytes)
1701180520.378253 sending message 112 to peer 0x563c9d486060 (13 bytes)
1701180520.378256 sending message 112 to peer 0x563c9d486060 (13 bytes)
1701180520.378259 sending message 112 to peer 0x563c9d486060 (12 bytes)
1701180520.378262 sending message 112 to peer 0x563c9d486060 (10 bytes)
1701180520.378265 sending message 112 to peer 0x563c9d486060 (12 bytes)
1701180520.378268 sending message 112 to peer 0x563c9d486060 (12 bytes)
1701180520.378271 sending message 112 to peer 0x563c9d486060 (12 bytes)
1701180520.378274 sending message 112 to peer 0x563c9d486060 (13 bytes)
1701180520.378277 sending message 112 to peer 0x563c9d486060 (13 bytes)
1701180520.378280 sending message 112 to peer 0x563c9d486060 (13 bytes)
1701180520.378283 sending message 112 to peer 0x563c9d486060 (13 bytes)
1701180520.378286 sending message 112 to peer 0x563c9d486060 (13 bytes)
1701180520.378289 sending message 112 to peer 0x563c9d486060 (13 bytes)
1701180520.378291 sending message 112 to peer 0x563c9d486060 (13 bytes)
1701180520.378294 sending message 112 to peer 0x563c9d486060 (10 bytes)
1701180520.378297 sending message 112 to peer 0x563c9d486060 (13 bytes)
1701180520.378300 sending message 112 to peer 0x563c9d486060 (12 bytes)
1701180520.378303 sending message 112 to peer 0x563c9d486060 (12 bytes)
1701180520.378306 sending message 112 to peer 0x563c9d486060 (12 bytes)
1701180520.378309 sending message 112 to peer 0x563c9d486060 (10 bytes)
1701180520.378312 sending message 112 to peer 0x563c9d486060 (10 bytes)
1701180520.378315 sending message 112 to peer 0x563c9d486060 (10 bytes)
1701180520.378318 sending message 112 to peer 0x563c9d486060 (12 bytes)
1701180520.378321 sending message 112 to peer 0x563c9d486060 (13 bytes)
1701180520.378324 sending message 112 to peer 0x563c9d486060 (13 bytes)
1701180520.378327 sending message 112 to peer 0x563c9d486060 (13 bytes)
1701180520.378330 sending message 112 to peer 0x563c9d486060 (13 bytes)
1701180520.378333 sending message 112 to peer 0x563c9d486060 (13 bytes)
1701180520.378336 sending message 112 to peer 0x563c9d486060 (10 bytes)
1701180520.378339 sending message 112 to peer 0x563c9d486060 (11 bytes)
1701180520.378342 sending message 112 to peer 0x563c9d486060 (12 bytes)
1701180520.378345 sending message 112 to peer 0x563c9d486060 (12 bytes)
1701180520.378348 sending message 112 to peer 0x563c9d486060 (12 bytes)
1701180520.378351 sending message 112 to peer 0x563c9d486060 (12 bytes)
1701180520.378354 sending message 112 to peer 0x563c9d486060 (12 bytes)
1701180520.378357 sending message 112 to peer 0x563c9d486060 (11 bytes)
1701180520.378360 sending message 112 to peer 0x563c9d486060 (12 bytes)
1701180520.378363 sending message 112 to peer 0x563c9d486060 (12 bytes)
1701180520.378366 sending message 112 to peer 0x563c9d486060 (13 bytes)
1701180520.378369 sending message 112 to peer 0x563c9d486060 (13 bytes)
1701180520.378372 sending message 112 to peer 0x563c9d486060 (13 bytes)
1701180520.378374 sending message 112 to peer 0x563c9d486060 (13 bytes)
1701180520.378377 sending message 112 to peer 0x563c9d486060 (13 bytes)
1701180520.378380 sending message 112 to peer 0x563c9d486060 (10 bytes)
1701180520.378383 sending message 112 to peer 0x563c9d486060 (9 bytes)
1701180520.378395 sending message 112 to peer 0x563c9d486060 (12 bytes)
1701180520.378400 sending message 112 to peer 0x563c9d486060 (13 bytes)
1701180520.378403 sending message 112 to peer 0x563c9d486060 (13 bytes)
1701180520.378406 sending message 112 to peer 0x563c9d486060 (13 bytes)
1701180520.378409 sending message 112 to peer 0x563c9d486060 (13 bytes)
1701180520.378412 sending message 112 to peer 0x563c9d486060 (13 bytes)
1701180520.378415 sending message 112 to peer 0x563c9d486060 (9 bytes)
1701180520.378419 sending message 112 to peer 0x563c9d486060 (12 bytes)
1701180520.378422 sending message 112 to peer 0x563c9d486060 (13 bytes)
1701180520.378425 sending message 112 to peer 0x563c9d486060 (13 bytes)
1701180520.378428 sending message 112 to peer 0x563c9d486060 (13 bytes)
1701180520.378431 sending message 112 to peer 0x563c9d486060 (13 bytes)
1701180520.378437 sending message 112 to peer 0x563c9d486060 (13 bytes)
1701180520.378440 sending message 112 to peer 0x563c9d486060 (11 bytes)
1701180520.378443 sending message 112 to peer 0x563c9d486060 (12 bytes)
1701180520.378446 sending message 112 to peer 0x563c9d486060 (13 bytes)
1701180520.378449 sending message 112 to peer 0x563c9d486060 (13 bytes)
1701180520.378452 sending message 112 to peer 0x563c9d486060 (13 bytes)
1701180520.378455 sending message 112 to peer 0x563c9d486060 (13 bytes)
1701180520.378458 sending message 112 to peer 0x563c9d486060 (13 bytes)
1701180520.378461 sending message 112 to peer 0x563c9d486060 (11 bytes)
1701180520.378464 sending message 112 to peer 0x563c9d486060 (12 bytes)
1701180520.378467 sending message 112 to peer 0x563c9d486060 (12 bytes)
1701180520.378470 sending message 112 to peer 0x563c9d486060 (12 bytes)
1701180520.378473 sending message 112 to peer 0x563c9d486060 (12 bytes)
1701180520.378476 sending message 112 to peer 0x563c9d486060 (12 bytes)
1701180520.378479 sending message 112 to peer 0x563c9d486060 (12 bytes)
1701180520.378482 sending message 112 to peer 0x563c9d486060 (9 bytes)
1701180520.378485 sending message 112 to peer 0x563c9d486060 (6 bytes)
1701180520.378488 sending message 112 to peer 0x563c9d486060 (13 bytes)
1701180520.378491 sending message 112 to peer 0x563c9d486060 (10 bytes)
1701180520.378494 sending message 112 to peer 0x563c9d486060 (15 bytes)
1701180520.378496 sending message 112 to peer 0x563c9d486060 (11 bytes)
1701180520.378500 sending message 112 to peer 0x563c9d486060 (70 bytes)
1701180520.378503 sending message 112 to peer 0x563c9d486060 (69 bytes)
1701180520.378506 sending message 112 to peer 0x563c9d486060 (34 bytes)
1701180520.378509 sending message 112 to peer 0x563c9d486060 (34 bytes)
1701180520.378512 sending message 112 to peer 0x563c9d486060 (12 bytes)
1701180520.378515 sending message 112 to peer 0x563c9d486060 (10 bytes)
1701180520.378518 sending message 112 to peer 0x563c9d486060 (10 bytes)
1701180520.378520 sending message 112 to peer 0x563c9d486060 (15 bytes)
1701180520.378523 sending message 112 to peer 0x563c9d486060 (11 bytes)
1701180520.378526 sending message 112 to peer 0x563c9d486060 (10 bytes)
1701180520.378529 sending message 112 to peer 0x563c9d486060 (10 bytes)
1701180520.378532 sending message 112 to peer 0x563c9d486060 (17 bytes)
1701180520.378535 sending message 112 to peer 0x563c9d486060 (10 bytes)
1701180520.378538 sending message 112 to peer 0x563c9d486060 (5 bytes)
1701180520.378541 sending message 112 to peer 0x563c9d486060 (9 bytes)
1701180520.378544 sending message 112 to peer 0x563c9d486060 (15 bytes)
1701180520.378548 sending message 104 to peer 0x563c9d486060 (0 bytes)
1701180520.378552 sending message 110 to peer 0x563c9d486060 (0 bytes)
1701180520.378556 sending message 107 to peer 0x563c9d486060 (4 bytes)
1701180520.378559 sending message 105 to peer 0x563c9d486060 (12 bytes)
1701180520.378562 sending message 105 to peer 0x563c9d486060 (13 bytes)
1701180520.378565 sending message 105 to peer 0x563c9d486060 (20 bytes)
1701180520.378568 sending message 105 to peer 0x563c9d486060 (15 bytes)
1701180520.378571 sending message 105 to peer 0x563c9d486060 (21 bytes)
1701180520.378574 sending message 105 to peer 0x563c9d486060 (8 bytes)
1701180520.378577 sending message 105 to peer 0x563c9d486060 (19 bytes)
1701180520.378580 sending message 105 to peer 0x563c9d486060 (19 bytes)
1701180520.378583 sending message 105 to peer 0x563c9d486060 (28 bytes)
1701180520.378586 sending message 105 to peer 0x563c9d486060 (24 bytes)
1701180520.378589 sending message 105 to peer 0x563c9d486060 (21 bytes)
1701180520.378592 sending message 105 to peer 0x563c9d486060 (22 bytes)
1701180520.378595 sending message 105 to peer 0x563c9d486060 (54 bytes)
1701180520.378598 sending message 105 to peer 0x563c9d486060 (19 bytes)
1701180520.378601 sending message 105 to peer 0x563c9d486060 (16 bytes)
1701180520.378603 sending message 105 to peer 0x563c9d486060 (23 bytes)
1701180520.378606 sending message 105 to peer 0x563c9d486060 (17 bytes)
1701180520.378612 sending message 105 to peer 0x563c9d486060 (17 bytes)
1701180520.378615 sending message 105 to peer 0x563c9d486060 (13 bytes)
1701180520.378618 sending message 105 to peer 0x563c9d486060 (139 bytes)
1701180520.378621 sending message 105 to peer 0x563c9d486060 (13 bytes)
1701180520.378624 sending message 105 to peer 0x563c9d486060 (23 bytes)
1701180520.378627 sending message 105 to peer 0x563c9d486060 (31 bytes)
1701180520.378630 sending message 105 to peer 0x563c9d486060 (11 bytes)
1701180520.378633 sending message 105 to peer 0x563c9d486060 (17 bytes)
1701180520.378636 sending message 105 to peer 0x563c9d486060 (23 bytes)
1701180520.378639 sending message 105 to peer 0x563c9d486060 (25 bytes)
1701180520.378642 sending message 105 to peer 0x563c9d486060 (56 bytes)
1701180520.378645 sending message 105 to peer 0x563c9d486060 (20 bytes)
1701180520.378648 sending message 105 to peer 0x563c9d486060 (23 bytes)
1701180520.378651 sending message 105 to peer 0x563c9d486060 (41 bytes)
1701180520.378654 sending message 105 to peer 0x563c9d486060 (19 bytes)
1701180520.378657 sending message 105 to peer 0x563c9d486060 (20 bytes)
1701180520.378661 sending message 105 to peer 0x563c9d486060 (19 bytes)
1701180520.378664 sending message 105 to peer 0x563c9d486060 (14 bytes)
1701180520.378668 sending message 105 to peer 0x563c9d486060 (27 bytes)
1701180520.378674 sending message 105 to peer 0x563c9d486060 (52 bytes)
1701180520.378680 sending message 105 to peer 0x563c9d486060 (30 bytes)
1701180520.378686 sending message 105 to peer 0x563c9d486060 (18 bytes)
1701180520.378692 sending message 105 to peer 0x563c9d486060 (11 bytes)
1701180520.378697 sending message 105 to peer 0x563c9d486060 (31 bytes)
1701180520.378701 sending message 105 to peer 0x563c9d486060 (41 bytes)
1701180520.378706 sending message 105 to peer 0x563c9d486060 (23 bytes)
1701180520.378711 sending message 105 to peer 0x563c9d486060 (178 bytes)
1701180520.378716 sending message 105 to peer 0x563c9d486060 (23 bytes)
1701180520.378721 sending message 105 to peer 0x563c9d486060 (21 bytes)
1701180520.378727 sending message 105 to peer 0x563c9d486060 (41 bytes)
1701180520.378734 sending message 105 to peer 0x563c9d486060 (18 bytes)
1701180520.378740 sending message 105 to peer 0x563c9d486060 (19 bytes)
1701180520.378747 sending message 105 to peer 0x563c9d486060 (17 bytes)
1701180520.378754 sending message 105 to peer 0x563c9d486060 (20 bytes)
1701180520.378759 sending message 105 to peer 0x563c9d486060 (29 bytes)
1701180520.378763 sending message 105 to peer 0x563c9d486060 (29 bytes)
1701180520.378768 sending message 105 to peer 0x563c9d486060 (11 bytes)
1701180520.378773 sending message 105 to peer 0x563c9d486060 (8 bytes)
1701180520.378778 sending message 105 to peer 0x563c9d486060 (32 bytes)
1701180520.378784 sending message 105 to peer 0x563c9d486060 (1519 bytes)
1701180520.378801 sending message 105 to peer 0x563c9d486060 (27 bytes)
1701180520.378808 sending message 105 to peer 0x563c9d486060 (16 bytes)
1701180520.378812 sending message 106 to peer 0x563c9d486060 (0 bytes)
1701180520.378823 sending message 200 to peer 0x563c9d486060 (4 bytes)
1701180520.378832 client loop enter
1701180520.382020 peer 0x563c9d486060 message 207
1701180520.382034 sending message 208 to peer 0x563c9d486060 (0 bytes)
1701180522.998414 peer 0x563c9d486060 message 203
1701180522.998427 sending message 205 to peer 0x563c9d486060 (0 bytes)
1701180522.998742 peer 0x563c9d486060 message 204
1701180522.998750 client loop exit
