1701783448.042141 client started (20255): version 3.2a, socket /tmp/tmux-1000/default, protocol 8
1701783448.042162 on Linux 6.2.0-37-generic #38~22.04.1-Ubuntu SMP PREEMPT_DYNAMIC Thu Nov  2 18:01:13 UTC 2
1701783448.042167 using libevent 2.1.12-stable (poll); ncurses 6.3
1701783448.042179 flags are 0x18010000
1701783448.042183 socket is /tmp/tmux-1000/default
1701783448.042192 trying connect
1701783448.042201 connect failed: Connection refused
1701783448.042209 lock file is /tmp/tmux-1000/default.lock
1701783448.042228 flock succeeded
1701783448.042231 got lock (6)
1701783448.042236 trying connect
1701783448.042242 connect failed: Connection refused
1701783448.042387 add peer 0x55e2ccf24390: 7 ((nil))
1701783448.042747 sending message 100 to peer 0x55e2ccf24390 (4 bytes)
1701783448.042754 sending message 111 to peer 0x55e2ccf24390 (8 bytes)
1701783448.042759 sending message 101 to peer 0x55e2ccf24390 (12 bytes)
1701783448.042763 sending message 109 to peer 0x55e2ccf24390 (4 bytes)
1701783448.042767 sending message 102 to peer 0x55e2ccf24390 (11 bytes)
1701783448.042771 sending message 108 to peer 0x55e2ccf24390 (27 bytes)
1701783448.042775 sending message 112 to peer 0x55e2ccf24390 (70 bytes)
1701783448.042780 sending message 112 to peer 0x55e2ccf24390 (5 bytes)
1701783448.042784 sending message 112 to peer 0x55e2ccf24390 (6 bytes)
1701783448.042788 sending message 112 to peer 0x55e2ccf24390 (6 bytes)
1701783448.042792 sending message 112 to peer 0x55e2ccf24390 (10 bytes)
1701783448.042796 sending message 112 to peer 0x55e2ccf24390 (13 bytes)
1701783448.042800 sending message 112 to peer 0x55e2ccf24390 (14 bytes)
1701783448.042804 sending message 112 to peer 0x55e2ccf24390 (19 bytes)
1701783448.042809 sending message 112 to peer 0x55e2ccf24390 (11 bytes)
1701783448.042813 sending message 112 to peer 0x55e2ccf24390 (21 bytes)
1701783448.042817 sending message 112 to peer 0x55e2ccf24390 (13 bytes)
1701783448.042821 sending message 112 to peer 0x55e2ccf24390 (7 bytes)
1701783448.042825 sending message 112 to peer 0x55e2ccf24390 (13 bytes)
1701783448.042829 sending message 112 to peer 0x55e2ccf24390 (7 bytes)
1701783448.042833 sending message 112 to peer 0x55e2ccf24390 (13 bytes)
1701783448.042837 sending message 112 to peer 0x55e2ccf24390 (9 bytes)
1701783448.042841 sending message 112 to peer 0x55e2ccf24390 (21 bytes)
1701783448.042845 sending message 112 to peer 0x55e2ccf24390 (13 bytes)
1701783448.042849 sending message 112 to peer 0x55e2ccf24390 (9 bytes)
1701783448.042853 sending message 112 to peer 0x55e2ccf24390 (16 bytes)
1701783448.042858 sending message 112 to peer 0x55e2ccf24390 (13 bytes)
1701783448.042862 sending message 112 to peer 0x55e2ccf24390 (9 bytes)
1701783448.042866 sending message 112 to peer 0x55e2ccf24390 (9 bytes)
1701783448.042870 sending message 112 to peer 0x55e2ccf24390 (12 bytes)
1701783448.042874 sending message 112 to peer 0x55e2ccf24390 (8 bytes)
1701783448.042878 sending message 112 to peer 0x55e2ccf24390 (13 bytes)
1701783448.042882 sending message 112 to peer 0x55e2ccf24390 (7 bytes)
1701783448.042887 sending message 112 to peer 0x55e2ccf24390 (7 bytes)
1701783448.042891 sending message 112 to peer 0x55e2ccf24390 (9 bytes)
1701783448.042895 sending message 112 to peer 0x55e2ccf24390 (6 bytes)
1701783448.042899 sending message 112 to peer 0x55e2ccf24390 (9 bytes)
1701783448.042903 sending message 112 to peer 0x55e2ccf24390 (15 bytes)
1701783448.042907 sending message 112 to peer 0x55e2ccf24390 (13 bytes)
1701783448.042911 sending message 112 to peer 0x55e2ccf24390 (12 bytes)
1701783448.042915 sending message 112 to peer 0x55e2ccf24390 (8 bytes)
1701783448.042919 sending message 112 to peer 0x55e2ccf24390 (14 bytes)
1701783448.042923 sending message 112 to peer 0x55e2ccf24390 (9 bytes)
1701783448.042927 sending message 112 to peer 0x55e2ccf24390 (10 bytes)
1701783448.042932 sending message 112 to peer 0x55e2ccf24390 (10 bytes)
1701783448.042936 sending message 112 to peer 0x55e2ccf24390 (10 bytes)
1701783448.042940 sending message 112 to peer 0x55e2ccf24390 (10 bytes)
1701783448.042944 sending message 112 to peer 0x55e2ccf24390 (11 bytes)
1701783448.042953 sending message 112 to peer 0x55e2ccf24390 (12 bytes)
1701783448.042957 sending message 112 to peer 0x55e2ccf24390 (12 bytes)
1701783448.042962 sending message 112 to peer 0x55e2ccf24390 (12 bytes)
1701783448.042966 sending message 112 to peer 0x55e2ccf24390 (12 bytes)
1701783448.042970 sending message 112 to peer 0x55e2ccf24390 (12 bytes)
1701783448.042974 sending message 112 to peer 0x55e2ccf24390 (11 bytes)
1701783448.042978 sending message 112 to peer 0x55e2ccf24390 (11 bytes)
1701783448.042982 sending message 112 to peer 0x55e2ccf24390 (12 bytes)
1701783448.042986 sending message 112 to peer 0x55e2ccf24390 (12 bytes)
1701783448.042990 sending message 112 to peer 0x55e2ccf24390 (12 bytes)
1701783448.042994 sending message 112 to peer 0x55e2ccf24390 (12 bytes)
1701783448.042998 sending message 112 to peer 0x55e2ccf24390 (12 bytes)
1701783448.043002 sending message 112 to peer 0x55e2ccf24390 (9 bytes)
1701783448.043006 sending message 112 to peer 0x55e2ccf24390 (12 bytes)
1701783448.043010 sending message 112 to peer 0x55e2ccf24390 (13 bytes)
1701783448.043014 sending message 112 to peer 0x55e2ccf24390 (13 bytes)
1701783448.043019 sending message 112 to peer 0x55e2ccf24390 (13 bytes)
1701783448.043023 sending message 112 to peer 0x55e2ccf24390 (13 bytes)
1701783448.043027 sending message 112 to peer 0x55e2ccf24390 (13 bytes)
1701783448.043031 sending message 112 to peer 0x55e2ccf24390 (8 bytes)
1701783448.043035 sending message 112 to peer 0x55e2ccf24390 (11 bytes)
1701783448.043039 sending message 112 to peer 0x55e2ccf24390 (11 bytes)
1701783448.043043 sending message 112 to peer 0x55e2ccf24390 (11 bytes)
1701783448.043047 sending message 112 to peer 0x55e2ccf24390 (12 bytes)
1701783448.043051 sending message 112 to peer 0x55e2ccf24390 (12 bytes)
1701783448.043055 sending message 112 to peer 0x55e2ccf24390 (12 bytes)
1701783448.043059 sending message 112 to peer 0x55e2ccf24390 (12 bytes)
1701783448.043063 sending message 112 to peer 0x55e2ccf24390 (13 bytes)
1701783448.043067 sending message 112 to peer 0x55e2ccf24390 (13 bytes)
1701783448.043071 sending message 112 to peer 0x55e2ccf24390 (13 bytes)
1701783448.043076 sending message 112 to peer 0x55e2ccf24390 (8 bytes)
1701783448.043080 sending message 112 to peer 0x55e2ccf24390 (13 bytes)
1701783448.043084 sending message 112 to peer 0x55e2ccf24390 (13 bytes)
1701783448.043088 sending message 112 to peer 0x55e2ccf24390 (13 bytes)
1701783448.043092 sending message 112 to peer 0x55e2ccf24390 (13 bytes)
1701783448.043096 sending message 112 to peer 0x55e2ccf24390 (13 bytes)
1701783448.043100 sending message 112 to peer 0x55e2ccf24390 (12 bytes)
1701783448.043104 sending message 112 to peer 0x55e2ccf24390 (12 bytes)
1701783448.043108 sending message 112 to peer 0x55e2ccf24390 (12 bytes)
1701783448.043112 sending message 112 to peer 0x55e2ccf24390 (12 bytes)
1701783448.043116 sending message 112 to peer 0x55e2ccf24390 (13 bytes)
1701783448.043120 sending message 112 to peer 0x55e2ccf24390 (8 bytes)
1701783448.043124 sending message 112 to peer 0x55e2ccf24390 (13 bytes)
1701783448.043128 sending message 112 to peer 0x55e2ccf24390 (13 bytes)
1701783448.043133 sending message 112 to peer 0x55e2ccf24390 (13 bytes)
1701783448.043137 sending message 112 to peer 0x55e2ccf24390 (13 bytes)
1701783448.043141 sending message 112 to peer 0x55e2ccf24390 (13 bytes)
1701783448.043145 sending message 112 to peer 0x55e2ccf24390 (13 bytes)
1701783448.043149 sending message 112 to peer 0x55e2ccf24390 (13 bytes)
1701783448.043153 sending message 112 to peer 0x55e2ccf24390 (12 bytes)
1701783448.043157 sending message 112 to peer 0x55e2ccf24390 (12 bytes)
1701783448.043161 sending message 112 to peer 0x55e2ccf24390 (12 bytes)
1701783448.043165 sending message 112 to peer 0x55e2ccf24390 (8 bytes)
1701783448.043169 sending message 112 to peer 0x55e2ccf24390 (12 bytes)
1701783448.043174 sending message 112 to peer 0x55e2ccf24390 (13 bytes)
1701783448.043178 sending message 112 to peer 0x55e2ccf24390 (13 bytes)
1701783448.043182 sending message 112 to peer 0x55e2ccf24390 (13 bytes)
1701783448.043189 sending message 112 to peer 0x55e2ccf24390 (13 bytes)
1701783448.043193 sending message 112 to peer 0x55e2ccf24390 (13 bytes)
1701783448.043197 sending message 112 to peer 0x55e2ccf24390 (13 bytes)
1701783448.043201 sending message 112 to peer 0x55e2ccf24390 (13 bytes)
1701783448.043222 sending message 112 to peer 0x55e2ccf24390 (13 bytes)
1701783448.043226 sending message 112 to peer 0x55e2ccf24390 (12 bytes)
1701783448.043230 sending message 112 to peer 0x55e2ccf24390 (10 bytes)
1701783448.043234 sending message 112 to peer 0x55e2ccf24390 (12 bytes)
1701783448.043237 sending message 112 to peer 0x55e2ccf24390 (12 bytes)
1701783448.043241 sending message 112 to peer 0x55e2ccf24390 (12 bytes)
1701783448.043245 sending message 112 to peer 0x55e2ccf24390 (13 bytes)
1701783448.043249 sending message 112 to peer 0x55e2ccf24390 (13 bytes)
1701783448.043253 sending message 112 to peer 0x55e2ccf24390 (13 bytes)
1701783448.043257 sending message 112 to peer 0x55e2ccf24390 (13 bytes)
1701783448.043260 sending message 112 to peer 0x55e2ccf24390 (13 bytes)
1701783448.043264 sending message 112 to peer 0x55e2ccf24390 (13 bytes)
1701783448.043268 sending message 112 to peer 0x55e2ccf24390 (13 bytes)
1701783448.043272 sending message 112 to peer 0x55e2ccf24390 (10 bytes)
1701783448.043276 sending message 112 to peer 0x55e2ccf24390 (13 bytes)
1701783448.043279 sending message 112 to peer 0x55e2ccf24390 (12 bytes)
1701783448.043283 sending message 112 to peer 0x55e2ccf24390 (12 bytes)
1701783448.043287 sending message 112 to peer 0x55e2ccf24390 (12 bytes)
1701783448.043290 sending message 112 to peer 0x55e2ccf24390 (10 bytes)
1701783448.043294 sending message 112 to peer 0x55e2ccf24390 (10 bytes)
1701783448.043298 sending message 112 to peer 0x55e2ccf24390 (10 bytes)
1701783448.043302 sending message 112 to peer 0x55e2ccf24390 (12 bytes)
1701783448.043305 sending message 112 to peer 0x55e2ccf24390 (13 bytes)
1701783448.043309 sending message 112 to peer 0x55e2ccf24390 (13 bytes)
1701783448.043313 sending message 112 to peer 0x55e2ccf24390 (13 bytes)
1701783448.043317 sending message 112 to peer 0x55e2ccf24390 (13 bytes)
1701783448.043320 sending message 112 to peer 0x55e2ccf24390 (13 bytes)
1701783448.043324 sending message 112 to peer 0x55e2ccf24390 (10 bytes)
1701783448.043328 sending message 112 to peer 0x55e2ccf24390 (11 bytes)
1701783448.043332 sending message 112 to peer 0x55e2ccf24390 (12 bytes)
1701783448.043336 sending message 112 to peer 0x55e2ccf24390 (12 bytes)
1701783448.043339 sending message 112 to peer 0x55e2ccf24390 (12 bytes)
1701783448.043343 sending message 112 to peer 0x55e2ccf24390 (12 bytes)
1701783448.043347 sending message 112 to peer 0x55e2ccf24390 (12 bytes)
1701783448.043351 sending message 112 to peer 0x55e2ccf24390 (11 bytes)
1701783448.043354 sending message 112 to peer 0x55e2ccf24390 (12 bytes)
1701783448.043358 sending message 112 to peer 0x55e2ccf24390 (12 bytes)
1701783448.043362 sending message 112 to peer 0x55e2ccf24390 (13 bytes)
1701783448.043366 sending message 112 to peer 0x55e2ccf24390 (13 bytes)
1701783448.043370 sending message 112 to peer 0x55e2ccf24390 (13 bytes)
1701783448.043373 sending message 112 to peer 0x55e2ccf24390 (13 bytes)
1701783448.043377 sending message 112 to peer 0x55e2ccf24390 (13 bytes)
1701783448.043381 sending message 112 to peer 0x55e2ccf24390 (10 bytes)
1701783448.043385 sending message 112 to peer 0x55e2ccf24390 (9 bytes)
1701783448.043389 sending message 112 to peer 0x55e2ccf24390 (12 bytes)
1701783448.043392 sending message 112 to peer 0x55e2ccf24390 (13 bytes)
1701783448.043396 sending message 112 to peer 0x55e2ccf24390 (13 bytes)
1701783448.043400 sending message 112 to peer 0x55e2ccf24390 (13 bytes)
1701783448.043404 sending message 112 to peer 0x55e2ccf24390 (13 bytes)
1701783448.043407 sending message 112 to peer 0x55e2ccf24390 (13 bytes)
1701783448.043411 sending message 112 to peer 0x55e2ccf24390 (9 bytes)
1701783448.043423 sending message 112 to peer 0x55e2ccf24390 (12 bytes)
1701783448.043429 sending message 112 to peer 0x55e2ccf24390 (13 bytes)
1701783448.043435 sending message 112 to peer 0x55e2ccf24390 (13 bytes)
1701783448.043439 sending message 112 to peer 0x55e2ccf24390 (13 bytes)
1701783448.043443 sending message 112 to peer 0x55e2ccf24390 (13 bytes)
1701783448.043447 sending message 112 to peer 0x55e2ccf24390 (13 bytes)
1701783448.043450 sending message 112 to peer 0x55e2ccf24390 (11 bytes)
1701783448.043454 sending message 112 to peer 0x55e2ccf24390 (12 bytes)
1701783448.043458 sending message 112 to peer 0x55e2ccf24390 (13 bytes)
1701783448.043462 sending message 112 to peer 0x55e2ccf24390 (13 bytes)
1701783448.043466 sending message 112 to peer 0x55e2ccf24390 (13 bytes)
1701783448.043469 sending message 112 to peer 0x55e2ccf24390 (13 bytes)
1701783448.043473 sending message 112 to peer 0x55e2ccf24390 (13 bytes)
1701783448.043477 sending message 112 to peer 0x55e2ccf24390 (11 bytes)
1701783448.043481 sending message 112 to peer 0x55e2ccf24390 (12 bytes)
1701783448.043496 sending message 112 to peer 0x55e2ccf24390 (12 bytes)
1701783448.043502 sending message 112 to peer 0x55e2ccf24390 (12 bytes)
1701783448.043506 sending message 112 to peer 0x55e2ccf24390 (12 bytes)
1701783448.043509 sending message 112 to peer 0x55e2ccf24390 (12 bytes)
1701783448.043513 sending message 112 to peer 0x55e2ccf24390 (12 bytes)
1701783448.043517 sending message 112 to peer 0x55e2ccf24390 (9 bytes)
1701783448.043521 sending message 112 to peer 0x55e2ccf24390 (6 bytes)
1701783448.043525 sending message 112 to peer 0x55e2ccf24390 (13 bytes)
1701783448.043528 sending message 112 to peer 0x55e2ccf24390 (10 bytes)
1701783448.043532 sending message 112 to peer 0x55e2ccf24390 (15 bytes)
1701783448.043536 sending message 112 to peer 0x55e2ccf24390 (11 bytes)
1701783448.043540 sending message 112 to peer 0x55e2ccf24390 (70 bytes)
1701783448.043544 sending message 112 to peer 0x55e2ccf24390 (69 bytes)
1701783448.043548 sending message 112 to peer 0x55e2ccf24390 (34 bytes)
1701783448.043551 sending message 112 to peer 0x55e2ccf24390 (34 bytes)
1701783448.043555 sending message 112 to peer 0x55e2ccf24390 (12 bytes)
1701783448.043559 sending message 112 to peer 0x55e2ccf24390 (10 bytes)
1701783448.043563 sending message 112 to peer 0x55e2ccf24390 (10 bytes)
1701783448.043567 sending message 112 to peer 0x55e2ccf24390 (15 bytes)
1701783448.043571 sending message 112 to peer 0x55e2ccf24390 (11 bytes)
1701783448.043574 sending message 112 to peer 0x55e2ccf24390 (10 bytes)
1701783448.043578 sending message 112 to peer 0x55e2ccf24390 (10 bytes)
1701783448.043582 sending message 112 to peer 0x55e2ccf24390 (17 bytes)
1701783448.043586 sending message 112 to peer 0x55e2ccf24390 (10 bytes)
1701783448.043590 sending message 112 to peer 0x55e2ccf24390 (5 bytes)
1701783448.043594 sending message 112 to peer 0x55e2ccf24390 (9 bytes)
1701783448.043598 sending message 112 to peer 0x55e2ccf24390 (15 bytes)
1701783448.043602 sending message 104 to peer 0x55e2ccf24390 (0 bytes)
1701783448.043606 sending message 110 to peer 0x55e2ccf24390 (0 bytes)
1701783448.043610 sending message 107 to peer 0x55e2ccf24390 (4 bytes)
1701783448.043614 sending message 105 to peer 0x55e2ccf24390 (12 bytes)
1701783448.043618 sending message 105 to peer 0x55e2ccf24390 (13 bytes)
1701783448.043622 sending message 105 to peer 0x55e2ccf24390 (20 bytes)
1701783448.043626 sending message 105 to peer 0x55e2ccf24390 (15 bytes)
1701783448.043630 sending message 105 to peer 0x55e2ccf24390 (21 bytes)
1701783448.043633 sending message 105 to peer 0x55e2ccf24390 (8 bytes)
1701783448.043637 sending message 105 to peer 0x55e2ccf24390 (19 bytes)
1701783448.043641 sending message 105 to peer 0x55e2ccf24390 (19 bytes)
1701783448.043645 sending message 105 to peer 0x55e2ccf24390 (28 bytes)
1701783448.043649 sending message 105 to peer 0x55e2ccf24390 (24 bytes)
1701783448.043653 sending message 105 to peer 0x55e2ccf24390 (21 bytes)
1701783448.043656 sending message 105 to peer 0x55e2ccf24390 (22 bytes)
1701783448.043660 sending message 105 to peer 0x55e2ccf24390 (54 bytes)
1701783448.043664 sending message 105 to peer 0x55e2ccf24390 (19 bytes)
1701783448.043671 sending message 105 to peer 0x55e2ccf24390 (16 bytes)
1701783448.043675 sending message 105 to peer 0x55e2ccf24390 (23 bytes)
1701783448.043679 sending message 105 to peer 0x55e2ccf24390 (17 bytes)
1701783448.043682 sending message 105 to peer 0x55e2ccf24390 (17 bytes)
1701783448.043686 sending message 105 to peer 0x55e2ccf24390 (13 bytes)
1701783448.043690 sending message 105 to peer 0x55e2ccf24390 (139 bytes)
1701783448.043694 sending message 105 to peer 0x55e2ccf24390 (13 bytes)
1701783448.043698 sending message 105 to peer 0x55e2ccf24390 (23 bytes)
1701783448.043702 sending message 105 to peer 0x55e2ccf24390 (31 bytes)
1701783448.043705 sending message 105 to peer 0x55e2ccf24390 (11 bytes)
1701783448.043709 sending message 105 to peer 0x55e2ccf24390 (17 bytes)
1701783448.043713 sending message 105 to peer 0x55e2ccf24390 (23 bytes)
1701783448.043717 sending message 105 to peer 0x55e2ccf24390 (25 bytes)
1701783448.043721 sending message 105 to peer 0x55e2ccf24390 (56 bytes)
1701783448.043725 sending message 105 to peer 0x55e2ccf24390 (20 bytes)
1701783448.043729 sending message 105 to peer 0x55e2ccf24390 (23 bytes)
1701783448.043732 sending message 105 to peer 0x55e2ccf24390 (41 bytes)
1701783448.043736 sending message 105 to peer 0x55e2ccf24390 (19 bytes)
1701783448.043740 sending message 105 to peer 0x55e2ccf24390 (20 bytes)
1701783448.043744 sending message 105 to peer 0x55e2ccf24390 (19 bytes)
1701783448.043748 sending message 105 to peer 0x55e2ccf24390 (14 bytes)
1701783448.043752 sending message 105 to peer 0x55e2ccf24390 (27 bytes)
1701783448.043755 sending message 105 to peer 0x55e2ccf24390 (52 bytes)
1701783448.043759 sending message 105 to peer 0x55e2ccf24390 (30 bytes)
1701783448.043763 sending message 105 to peer 0x55e2ccf24390 (18 bytes)
1701783448.043767 sending message 105 to peer 0x55e2ccf24390 (11 bytes)
1701783448.043771 sending message 105 to peer 0x55e2ccf24390 (31 bytes)
1701783448.043775 sending message 105 to peer 0x55e2ccf24390 (41 bytes)
1701783448.043779 sending message 105 to peer 0x55e2ccf24390 (23 bytes)
1701783448.043783 sending message 105 to peer 0x55e2ccf24390 (178 bytes)
1701783448.043787 sending message 105 to peer 0x55e2ccf24390 (23 bytes)
1701783448.043791 sending message 105 to peer 0x55e2ccf24390 (21 bytes)
1701783448.043794 sending message 105 to peer 0x55e2ccf24390 (41 bytes)
1701783448.043798 sending message 105 to peer 0x55e2ccf24390 (18 bytes)
1701783448.043802 sending message 105 to peer 0x55e2ccf24390 (18 bytes)
1701783448.043806 sending message 105 to peer 0x55e2ccf24390 (17 bytes)
1701783448.043810 sending message 105 to peer 0x55e2ccf24390 (20 bytes)
1701783448.043813 sending message 105 to peer 0x55e2ccf24390 (42 bytes)
1701783448.043817 sending message 105 to peer 0x55e2ccf24390 (29 bytes)
1701783448.043821 sending message 105 to peer 0x55e2ccf24390 (11 bytes)
1701783448.043825 sending message 105 to peer 0x55e2ccf24390 (8 bytes)
1701783448.043829 sending message 105 to peer 0x55e2ccf24390 (32 bytes)
1701783448.043833 sending message 105 to peer 0x55e2ccf24390 (1519 bytes)
1701783448.043840 sending message 105 to peer 0x55e2ccf24390 (27 bytes)
1701783448.043844 sending message 105 to peer 0x55e2ccf24390 (16 bytes)
1701783448.043848 sending message 106 to peer 0x55e2ccf24390 (0 bytes)
1701783448.043858 sending message 200 to peer 0x55e2ccf24390 (4 bytes)
1701783448.043861 client loop enter
1701783448.043894 client_signal: Child exited
1701783448.138135 peer 0x55e2ccf24390 message 207
1701783448.138146 sending message 208 to peer 0x55e2ccf24390 (0 bytes)
1701783450.147411 peer 0x55e2ccf24390 message 203
1701783450.147420 sending message 205 to peer 0x55e2ccf24390 (0 bytes)
1701783450.147768 peer 0x55e2ccf24390 message 204
1701783450.147774 client loop exit
